error: uncaughtException: Cannot convert undefined or null to object
TypeError: Cannot convert undefined or null to object
    at Function.keys (<anonymous>)
    at module.exports (C:\Users\malonso\Desktop\whatsapp-api\node_modules\dotenv-parse-variables\lib\index.js:24:28)
    at Object.<anonymous> (C:\Users\malonso\Desktop\whatsapp-api\build\config\settings.js:12:44)
    at Module._compile (node:internal/modules/cjs/loader:1218:14)
    at Module._extensions..js (node:internal/modules/cjs/loader:1272:10)
    at Module.load (node:internal/modules/cjs/loader:1081:32)
    at Module._load (node:internal/modules/cjs/loader:922:12)
    at Module.require (node:internal/modules/cjs/loader:1105:19)
    at require (node:internal/modules/cjs/helpers:103:18)
    at Object.<anonymous> (C:\Users\malonso\Desktop\whatsapp-api\build\index.js:14:20) {"date":"Tue Oct 10 2023 10:12:42 GMT-0600 (GMT-06:00)","error":{},"exception":true,"os":{"loadavg":[0,0,0],"uptime":4894186.187},"process":{"argv":["C:\\Program Files\\nodejs\\node.exe","C:\\Users\\malonso\\Desktop\\whatsapp-api\\build\\index"],"cwd":"C:\\Users\\malonso\\Desktop\\whatsapp-api","execPath":"C:\\Program Files\\nodejs\\node.exe","gid":null,"memoryUsage":{"arrayBuffers":252095,"external":1023499,"heapTotal":19267584,"heapUsed":13797000,"rss":53850112},"pid":17664,"uid":null,"version":"v18.13.0"},"stack":"TypeError: Cannot convert undefined or null to object\n    at Function.keys (<anonymous>)\n    at module.exports (C:\\Users\\malonso\\Desktop\\whatsapp-api\\node_modules\\dotenv-parse-variables\\lib\\index.js:24:28)\n    at Object.<anonymous> (C:\\Users\\malonso\\Desktop\\whatsapp-api\\build\\config\\settings.js:12:44)\n    at Module._compile (node:internal/modules/cjs/loader:1218:14)\n    at Module._extensions..js (node:internal/modules/cjs/loader:1272:10)\n    at Module.load (node:internal/modules/cjs/loader:1081:32)\n    at Module._load (node:internal/modules/cjs/loader:922:12)\n    at Module.require (node:internal/modules/cjs/loader:1105:19)\n    at require (node:internal/modules/cjs/helpers:103:18)\n    at Object.<anonymous> (C:\\Users\\malonso\\Desktop\\whatsapp-api\\build\\index.js:14:20)","timestamp":"2023-10-10T16:12:42.519Z","trace":[{"column":null,"file":null,"function":"Function.keys","line":null,"method":"keys","native":false},{"column":28,"file":"C:\\Users\\malonso\\Desktop\\whatsapp-api\\node_modules\\dotenv-parse-variables\\lib\\index.js","function":"module.exports","line":24,"method":"exports","native":false},{"column":44,"file":"C:\\Users\\malonso\\Desktop\\whatsapp-api\\build\\config\\settings.js","function":null,"line":12,"method":null,"native":false},{"column":14,"file":"node:internal/modules/cjs/loader","function":"Module._compile","line":1218,"method":"_compile","native":false},{"column":10,"file":"node:internal/modules/cjs/loader","function":"Module._extensions..js","line":1272,"method":".js","native":false},{"column":32,"file":"node:internal/modules/cjs/loader","function":"Module.load","line":1081,"method":"load","native":false},{"column":12,"file":"node:internal/modules/cjs/loader","function":"Module._load","line":922,"method":"_load","native":false},{"column":19,"file":"node:internal/modules/cjs/loader","function":"Module.require","line":1105,"method":"require","native":false},{"column":18,"file":"node:internal/modules/cjs/helpers","function":"require","line":103,"method":null,"native":false},{"column":20,"file":"C:\\Users\\malonso\\Desktop\\whatsapp-api\\build\\index.js","function":null,"line":14,"method":null,"native":false}]}
error: uncaughtException: Cannot convert undefined or null to object
TypeError: Cannot convert undefined or null to object
    at Function.keys (<anonymous>)
    at module.exports (C:\Users\malonso\Desktop\whatsapp-api\node_modules\dotenv-parse-variables\lib\index.js:24:28)
    at Object.<anonymous> (C:\Users\malonso\Desktop\whatsapp-api\build\config\settings.js:12:44)
    at Module._compile (node:internal/modules/cjs/loader:1218:14)
    at Module._extensions..js (node:internal/modules/cjs/loader:1272:10)
    at Module.load (node:internal/modules/cjs/loader:1081:32)
    at Module._load (node:internal/modules/cjs/loader:922:12)
    at Module.require (node:internal/modules/cjs/loader:1105:19)
    at require (node:internal/modules/cjs/helpers:103:18)
    at Object.<anonymous> (C:\Users\malonso\Desktop\whatsapp-api\build\index.js:14:20) {"date":"Tue Oct 10 2023 10:12:59 GMT-0600 (GMT-06:00)","error":{},"exception":true,"os":{"loadavg":[0,0,0],"uptime":4894203.515},"process":{"argv":["C:\\Program Files\\nodejs\\node.exe","C:\\Users\\malonso\\Desktop\\whatsapp-api\\build\\index"],"cwd":"C:\\Users\\malonso\\Desktop\\whatsapp-api","execPath":"C:\\Program Files\\nodejs\\node.exe","gid":null,"memoryUsage":{"arrayBuffers":252095,"external":1023499,"heapTotal":19529728,"heapUsed":14288680,"rss":53882880},"pid":40308,"uid":null,"version":"v18.13.0"},"stack":"TypeError: Cannot convert undefined or null to object\n    at Function.keys (<anonymous>)\n    at module.exports (C:\\Users\\malonso\\Desktop\\whatsapp-api\\node_modules\\dotenv-parse-variables\\lib\\index.js:24:28)\n    at Object.<anonymous> (C:\\Users\\malonso\\Desktop\\whatsapp-api\\build\\config\\settings.js:12:44)\n    at Module._compile (node:internal/modules/cjs/loader:1218:14)\n    at Module._extensions..js (node:internal/modules/cjs/loader:1272:10)\n    at Module.load (node:internal/modules/cjs/loader:1081:32)\n    at Module._load (node:internal/modules/cjs/loader:922:12)\n    at Module.require (node:internal/modules/cjs/loader:1105:19)\n    at require (node:internal/modules/cjs/helpers:103:18)\n    at Object.<anonymous> (C:\\Users\\malonso\\Desktop\\whatsapp-api\\build\\index.js:14:20)","timestamp":"2023-10-10T16:12:59.857Z","trace":[{"column":null,"file":null,"function":"Function.keys","line":null,"method":"keys","native":false},{"column":28,"file":"C:\\Users\\malonso\\Desktop\\whatsapp-api\\node_modules\\dotenv-parse-variables\\lib\\index.js","function":"module.exports","line":24,"method":"exports","native":false},{"column":44,"file":"C:\\Users\\malonso\\Desktop\\whatsapp-api\\build\\config\\settings.js","function":null,"line":12,"method":null,"native":false},{"column":14,"file":"node:internal/modules/cjs/loader","function":"Module._compile","line":1218,"method":"_compile","native":false},{"column":10,"file":"node:internal/modules/cjs/loader","function":"Module._extensions..js","line":1272,"method":".js","native":false},{"column":32,"file":"node:internal/modules/cjs/loader","function":"Module.load","line":1081,"method":"load","native":false},{"column":12,"file":"node:internal/modules/cjs/loader","function":"Module._load","line":922,"method":"_load","native":false},{"column":19,"file":"node:internal/modules/cjs/loader","function":"Module.require","line":1105,"method":"require","native":false},{"column":18,"file":"node:internal/modules/cjs/helpers","function":"require","line":103,"method":null,"native":false},{"column":20,"file":"C:\\Users\\malonso\\Desktop\\whatsapp-api\\build\\index.js","function":null,"line":14,"method":null,"native":false}]}
error: uncaughtException: Cannot convert undefined or null to object
TypeError: Cannot convert undefined or null to object
    at Function.keys (<anonymous>)
    at module.exports (C:\Users\malonso\Desktop\whatsapp-api\node_modules\dotenv-parse-variables\lib\index.js:24:28)
    at Object.<anonymous> (C:\Users\malonso\Desktop\whatsapp-api\build\config\settings.js:12:44)
    at Module._compile (node:internal/modules/cjs/loader:1218:14)
    at Module._extensions..js (node:internal/modules/cjs/loader:1272:10)
    at Module.load (node:internal/modules/cjs/loader:1081:32)
    at Module._load (node:internal/modules/cjs/loader:922:12)
    at Module.require (node:internal/modules/cjs/loader:1105:19)
    at require (node:internal/modules/cjs/helpers:103:18)
    at Object.<anonymous> (C:\Users\malonso\Desktop\whatsapp-api\build\index.js:14:20) {"date":"Tue Oct 10 2023 10:13:12 GMT-0600 (GMT-06:00)","error":{},"exception":true,"os":{"loadavg":[0,0,0],"uptime":4894215.765},"process":{"argv":["C:\\Program Files\\nodejs\\node.exe","C:\\Users\\malonso\\Desktop\\whatsapp-api\\build\\index"],"cwd":"C:\\Users\\malonso\\Desktop\\whatsapp-api","execPath":"C:\\Program Files\\nodejs\\node.exe","gid":null,"memoryUsage":{"arrayBuffers":252095,"external":1023499,"heapTotal":19791872,"heapUsed":14294944,"rss":54030336},"pid":34880,"uid":null,"version":"v18.13.0"},"stack":"TypeError: Cannot convert undefined or null to object\n    at Function.keys (<anonymous>)\n    at module.exports (C:\\Users\\malonso\\Desktop\\whatsapp-api\\node_modules\\dotenv-parse-variables\\lib\\index.js:24:28)\n    at Object.<anonymous> (C:\\Users\\malonso\\Desktop\\whatsapp-api\\build\\config\\settings.js:12:44)\n    at Module._compile (node:internal/modules/cjs/loader:1218:14)\n    at Module._extensions..js (node:internal/modules/cjs/loader:1272:10)\n    at Module.load (node:internal/modules/cjs/loader:1081:32)\n    at Module._load (node:internal/modules/cjs/loader:922:12)\n    at Module.require (node:internal/modules/cjs/loader:1105:19)\n    at require (node:internal/modules/cjs/helpers:103:18)\n    at Object.<anonymous> (C:\\Users\\malonso\\Desktop\\whatsapp-api\\build\\index.js:14:20)","timestamp":"2023-10-10T16:13:12.104Z","trace":[{"column":null,"file":null,"function":"Function.keys","line":null,"method":"keys","native":false},{"column":28,"file":"C:\\Users\\malonso\\Desktop\\whatsapp-api\\node_modules\\dotenv-parse-variables\\lib\\index.js","function":"module.exports","line":24,"method":"exports","native":false},{"column":44,"file":"C:\\Users\\malonso\\Desktop\\whatsapp-api\\build\\config\\settings.js","function":null,"line":12,"method":null,"native":false},{"column":14,"file":"node:internal/modules/cjs/loader","function":"Module._compile","line":1218,"method":"_compile","native":false},{"column":10,"file":"node:internal/modules/cjs/loader","function":"Module._extensions..js","line":1272,"method":".js","native":false},{"column":32,"file":"node:internal/modules/cjs/loader","function":"Module.load","line":1081,"method":"load","native":false},{"column":12,"file":"node:internal/modules/cjs/loader","function":"Module._load","line":922,"method":"_load","native":false},{"column":19,"file":"node:internal/modules/cjs/loader","function":"Module.require","line":1105,"method":"require","native":false},{"column":18,"file":"node:internal/modules/cjs/helpers","function":"require","line":103,"method":null,"native":false},{"column":20,"file":"C:\\Users\\malonso\\Desktop\\whatsapp-api\\build\\index.js","function":null,"line":14,"method":null,"native":false}]}
error: uncaughtException: Cannot convert undefined or null to object
TypeError: Cannot convert undefined or null to object
    at Function.keys (<anonymous>)
    at module.exports (C:\Users\malonso\Desktop\whatsapp-api\node_modules\dotenv-parse-variables\lib\index.js:24:28)
    at Object.<anonymous> (C:\Users\malonso\Desktop\whatsapp-api\build\config\settings.js:12:44)
    at Module._compile (node:internal/modules/cjs/loader:1218:14)
    at Module._extensions..js (node:internal/modules/cjs/loader:1272:10)
    at Module.load (node:internal/modules/cjs/loader:1081:32)
    at Module._load (node:internal/modules/cjs/loader:922:12)
    at Module.require (node:internal/modules/cjs/loader:1105:19)
    at require (node:internal/modules/cjs/helpers:103:18)
    at Object.<anonymous> (C:\Users\malonso\Desktop\whatsapp-api\build\index.js:14:20) {"date":"Tue Oct 10 2023 10:13:15 GMT-0600 (GMT-06:00)","error":{},"exception":true,"os":{"loadavg":[0,0,0],"uptime":4894218.906},"process":{"argv":["C:\\Program Files\\nodejs\\node.exe","C:\\Users\\malonso\\Desktop\\whatsapp-api\\build\\index"],"cwd":"C:\\Users\\malonso\\Desktop\\whatsapp-api","execPath":"C:\\Program Files\\nodejs\\node.exe","gid":null,"memoryUsage":{"arrayBuffers":252095,"external":1023499,"heapTotal":19529728,"heapUsed":14237696,"rss":53841920},"pid":40804,"uid":null,"version":"v18.13.0"},"stack":"TypeError: Cannot convert undefined or null to object\n    at Function.keys (<anonymous>)\n    at module.exports (C:\\Users\\malonso\\Desktop\\whatsapp-api\\node_modules\\dotenv-parse-variables\\lib\\index.js:24:28)\n    at Object.<anonymous> (C:\\Users\\malonso\\Desktop\\whatsapp-api\\build\\config\\settings.js:12:44)\n    at Module._compile (node:internal/modules/cjs/loader:1218:14)\n    at Module._extensions..js (node:internal/modules/cjs/loader:1272:10)\n    at Module.load (node:internal/modules/cjs/loader:1081:32)\n    at Module._load (node:internal/modules/cjs/loader:922:12)\n    at Module.require (node:internal/modules/cjs/loader:1105:19)\n    at require (node:internal/modules/cjs/helpers:103:18)\n    at Object.<anonymous> (C:\\Users\\malonso\\Desktop\\whatsapp-api\\build\\index.js:14:20)","timestamp":"2023-10-10T16:13:15.242Z","trace":[{"column":null,"file":null,"function":"Function.keys","line":null,"method":"keys","native":false},{"column":28,"file":"C:\\Users\\malonso\\Desktop\\whatsapp-api\\node_modules\\dotenv-parse-variables\\lib\\index.js","function":"module.exports","line":24,"method":"exports","native":false},{"column":44,"file":"C:\\Users\\malonso\\Desktop\\whatsapp-api\\build\\config\\settings.js","function":null,"line":12,"method":null,"native":false},{"column":14,"file":"node:internal/modules/cjs/loader","function":"Module._compile","line":1218,"method":"_compile","native":false},{"column":10,"file":"node:internal/modules/cjs/loader","function":"Module._extensions..js","line":1272,"method":".js","native":false},{"column":32,"file":"node:internal/modules/cjs/loader","function":"Module.load","line":1081,"method":"load","native":false},{"column":12,"file":"node:internal/modules/cjs/loader","function":"Module._load","line":922,"method":"_load","native":false},{"column":19,"file":"node:internal/modules/cjs/loader","function":"Module.require","line":1105,"method":"require","native":false},{"column":18,"file":"node:internal/modules/cjs/helpers","function":"require","line":103,"method":null,"native":false},{"column":20,"file":"C:\\Users\\malonso\\Desktop\\whatsapp-api\\build\\index.js","function":null,"line":14,"method":null,"native":false}]}
error: uncaughtException: listen EADDRINUSE: address already in use :::3000
Error: listen EADDRINUSE: address already in use :::3000
    at Server.setupListenHandle [as _listen2] (node:net:1733:16)
    at listenInCluster (node:net:1781:12)
    at Server.listen (node:net:1869:7)
    at Function.listen (C:\Users\malonso\Desktop\whatsapp-api\node_modules\express\lib\application.js:635:24)
    at Server.start (C:\Users\malonso\Desktop\whatsapp-api\build\index.js:35:18)
    at Object.<anonymous> (C:\Users\malonso\Desktop\whatsapp-api\build\index.js:41:8)
    at Module._compile (node:internal/modules/cjs/loader:1218:14)
    at Module._extensions..js (node:internal/modules/cjs/loader:1272:10)
    at Module.load (node:internal/modules/cjs/loader:1081:32)
    at Module._load (node:internal/modules/cjs/loader:922:12) {"date":"Tue Oct 10 2023 10:13:42 GMT-0600 (GMT-06:00)","error":{"address":"::","code":"EADDRINUSE","errno":-4091,"port":3000,"syscall":"listen"},"exception":true,"os":{"loadavg":[0,0,0],"uptime":4894246.203},"process":{"argv":["C:\\Program Files\\nodejs\\node.exe","C:\\Users\\malonso\\Desktop\\whatsapp-api\\build\\index"],"cwd":"C:\\Users\\malonso\\Desktop\\whatsapp-api","execPath":"C:\\Program Files\\nodejs\\node.exe","gid":null,"memoryUsage":{"arrayBuffers":252095,"external":1023499,"heapTotal":19529728,"heapUsed":14501000,"rss":54349824},"pid":28164,"uid":null,"version":"v18.13.0"},"stack":"Error: listen EADDRINUSE: address already in use :::3000\n    at Server.setupListenHandle [as _listen2] (node:net:1733:16)\n    at listenInCluster (node:net:1781:12)\n    at Server.listen (node:net:1869:7)\n    at Function.listen (C:\\Users\\malonso\\Desktop\\whatsapp-api\\node_modules\\express\\lib\\application.js:635:24)\n    at Server.start (C:\\Users\\malonso\\Desktop\\whatsapp-api\\build\\index.js:35:18)\n    at Object.<anonymous> (C:\\Users\\malonso\\Desktop\\whatsapp-api\\build\\index.js:41:8)\n    at Module._compile (node:internal/modules/cjs/loader:1218:14)\n    at Module._extensions..js (node:internal/modules/cjs/loader:1272:10)\n    at Module.load (node:internal/modules/cjs/loader:1081:32)\n    at Module._load (node:internal/modules/cjs/loader:922:12)","timestamp":"2023-10-10T16:13:42.533Z","trace":[{"column":16,"file":"node:net","function":"Server.setupListenHandle [as _listen2]","line":1733,"method":"setupListenHandle [as _listen2]","native":false},{"column":12,"file":"node:net","function":"listenInCluster","line":1781,"method":null,"native":false},{"column":7,"file":"node:net","function":"Server.listen","line":1869,"method":"listen","native":false},{"column":24,"file":"C:\\Users\\malonso\\Desktop\\whatsapp-api\\node_modules\\express\\lib\\application.js","function":"Function.listen","line":635,"method":"listen","native":false},{"column":18,"file":"C:\\Users\\malonso\\Desktop\\whatsapp-api\\build\\index.js","function":"Server.start","line":35,"method":"start","native":false},{"column":8,"file":"C:\\Users\\malonso\\Desktop\\whatsapp-api\\build\\index.js","function":null,"line":41,"method":null,"native":false},{"column":14,"file":"node:internal/modules/cjs/loader","function":"Module._compile","line":1218,"method":"_compile","native":false},{"column":10,"file":"node:internal/modules/cjs/loader","function":"Module._extensions..js","line":1272,"method":".js","native":false},{"column":32,"file":"node:internal/modules/cjs/loader","function":"Module.load","line":1081,"method":"load","native":false},{"column":12,"file":"node:internal/modules/cjs/loader","function":"Module._load","line":922,"method":"_load","native":false}]}
error: uncaughtException: listen EADDRINUSE: address already in use :::3000
Error: listen EADDRINUSE: address already in use :::3000
    at Server.setupListenHandle [as _listen2] (node:net:1733:16)
    at listenInCluster (node:net:1781:12)
    at Server.listen (node:net:1869:7)
    at Function.listen (C:\Users\malonso\Desktop\whatsapp-api\node_modules\express\lib\application.js:635:24)
    at Server.start (C:\Users\malonso\Desktop\whatsapp-api\build\index.js:35:18)
    at Object.<anonymous> (C:\Users\malonso\Desktop\whatsapp-api\build\index.js:41:8)
    at Module._compile (node:internal/modules/cjs/loader:1218:14)
    at Module._extensions..js (node:internal/modules/cjs/loader:1272:10)
    at Module.load (node:internal/modules/cjs/loader:1081:32)
    at Module._load (node:internal/modules/cjs/loader:922:12) {"date":"Tue Oct 10 2023 10:13:53 GMT-0600 (GMT-06:00)","error":{"address":"::","code":"EADDRINUSE","errno":-4091,"port":3000,"syscall":"listen"},"exception":true,"os":{"loadavg":[0,0,0],"uptime":4894257.453},"process":{"argv":["C:\\Program Files\\nodejs\\node.exe","C:\\Users\\malonso\\Desktop\\whatsapp-api\\build\\index"],"cwd":"C:\\Users\\malonso\\Desktop\\whatsapp-api","execPath":"C:\\Program Files\\nodejs\\node.exe","gid":null,"memoryUsage":{"arrayBuffers":252095,"external":1023499,"heapTotal":19529728,"heapUsed":14413456,"rss":54001664},"pid":34048,"uid":null,"version":"v18.13.0"},"stack":"Error: listen EADDRINUSE: address already in use :::3000\n    at Server.setupListenHandle [as _listen2] (node:net:1733:16)\n    at listenInCluster (node:net:1781:12)\n    at Server.listen (node:net:1869:7)\n    at Function.listen (C:\\Users\\malonso\\Desktop\\whatsapp-api\\node_modules\\express\\lib\\application.js:635:24)\n    at Server.start (C:\\Users\\malonso\\Desktop\\whatsapp-api\\build\\index.js:35:18)\n    at Object.<anonymous> (C:\\Users\\malonso\\Desktop\\whatsapp-api\\build\\index.js:41:8)\n    at Module._compile (node:internal/modules/cjs/loader:1218:14)\n    at Module._extensions..js (node:internal/modules/cjs/loader:1272:10)\n    at Module.load (node:internal/modules/cjs/loader:1081:32)\n    at Module._load (node:internal/modules/cjs/loader:922:12)","timestamp":"2023-10-10T16:13:53.790Z","trace":[{"column":16,"file":"node:net","function":"Server.setupListenHandle [as _listen2]","line":1733,"method":"setupListenHandle [as _listen2]","native":false},{"column":12,"file":"node:net","function":"listenInCluster","line":1781,"method":null,"native":false},{"column":7,"file":"node:net","function":"Server.listen","line":1869,"method":"listen","native":false},{"column":24,"file":"C:\\Users\\malonso\\Desktop\\whatsapp-api\\node_modules\\express\\lib\\application.js","function":"Function.listen","line":635,"method":"listen","native":false},{"column":18,"file":"C:\\Users\\malonso\\Desktop\\whatsapp-api\\build\\index.js","function":"Server.start","line":35,"method":"start","native":false},{"column":8,"file":"C:\\Users\\malonso\\Desktop\\whatsapp-api\\build\\index.js","function":null,"line":41,"method":null,"native":false},{"column":14,"file":"node:internal/modules/cjs/loader","function":"Module._compile","line":1218,"method":"_compile","native":false},{"column":10,"file":"node:internal/modules/cjs/loader","function":"Module._extensions..js","line":1272,"method":".js","native":false},{"column":32,"file":"node:internal/modules/cjs/loader","function":"Module.load","line":1081,"method":"load","native":false},{"column":12,"file":"node:internal/modules/cjs/loader","function":"Module._load","line":922,"method":"_load","native":false}]}
error: uncaughtException: accountSid must start with AC
Error: accountSid must start with AC
    at new Client (C:\Users\malonso\Desktop\whatsapp-api\node_modules\twilio\lib\base\BaseTwilio.js:71:23)
    at new Twilio (C:\Users\malonso\Desktop\whatsapp-api\node_modules\twilio\lib\rest\Twilio.js:33:9)
    at TwilioSDK (C:\Users\malonso\Desktop\whatsapp-api\node_modules\twilio\lib\index.js:40:12)
    at Object.<anonymous> (C:\Users\malonso\Desktop\whatsapp-api\build\modules\twilio\services\twilio.service.js:18:37)
    at Module._compile (node:internal/modules/cjs/loader:1218:14)
    at Module._extensions..js (node:internal/modules/cjs/loader:1272:10)
    at Module.load (node:internal/modules/cjs/loader:1081:32)
    at Module._load (node:internal/modules/cjs/loader:922:12)
    at Module.require (node:internal/modules/cjs/loader:1105:19)
    at require (node:internal/modules/cjs/helpers:103:18) {"date":"Tue Oct 10 2023 11:02:27 GMT-0600 (GMT-06:00)","error":{},"exception":true,"os":{"loadavg":[0,0,0],"uptime":4897170.906},"process":{"argv":["C:\\Program Files\\nodejs\\node.exe","C:\\Users\\malonso\\Desktop\\whatsapp-api\\build\\index"],"cwd":"C:\\Users\\malonso\\Desktop\\whatsapp-api","execPath":"C:\\Program Files\\nodejs\\node.exe","gid":null,"memoryUsage":{"arrayBuffers":354724,"external":1170306,"heapTotal":22413312,"heapUsed":16583048,"rss":57954304},"pid":38008,"uid":null,"version":"v18.13.0"},"stack":"Error: accountSid must start with AC\n    at new Client (C:\\Users\\malonso\\Desktop\\whatsapp-api\\node_modules\\twilio\\lib\\base\\BaseTwilio.js:71:23)\n    at new Twilio (C:\\Users\\malonso\\Desktop\\whatsapp-api\\node_modules\\twilio\\lib\\rest\\Twilio.js:33:9)\n    at TwilioSDK (C:\\Users\\malonso\\Desktop\\whatsapp-api\\node_modules\\twilio\\lib\\index.js:40:12)\n    at Object.<anonymous> (C:\\Users\\malonso\\Desktop\\whatsapp-api\\build\\modules\\twilio\\services\\twilio.service.js:18:37)\n    at Module._compile (node:internal/modules/cjs/loader:1218:14)\n    at Module._extensions..js (node:internal/modules/cjs/loader:1272:10)\n    at Module.load (node:internal/modules/cjs/loader:1081:32)\n    at Module._load (node:internal/modules/cjs/loader:922:12)\n    at Module.require (node:internal/modules/cjs/loader:1105:19)\n    at require (node:internal/modules/cjs/helpers:103:18)","timestamp":"2023-10-10T17:02:27.261Z","trace":[{"column":23,"file":"C:\\Users\\malonso\\Desktop\\whatsapp-api\\node_modules\\twilio\\lib\\base\\BaseTwilio.js","function":"new Client","line":71,"method":null,"native":false},{"column":9,"file":"C:\\Users\\malonso\\Desktop\\whatsapp-api\\node_modules\\twilio\\lib\\rest\\Twilio.js","function":"new Twilio","line":33,"method":null,"native":false},{"column":12,"file":"C:\\Users\\malonso\\Desktop\\whatsapp-api\\node_modules\\twilio\\lib\\index.js","function":"TwilioSDK","line":40,"method":null,"native":false},{"column":37,"file":"C:\\Users\\malonso\\Desktop\\whatsapp-api\\build\\modules\\twilio\\services\\twilio.service.js","function":null,"line":18,"method":null,"native":false},{"column":14,"file":"node:internal/modules/cjs/loader","function":"Module._compile","line":1218,"method":"_compile","native":false},{"column":10,"file":"node:internal/modules/cjs/loader","function":"Module._extensions..js","line":1272,"method":".js","native":false},{"column":32,"file":"node:internal/modules/cjs/loader","function":"Module.load","line":1081,"method":"load","native":false},{"column":12,"file":"node:internal/modules/cjs/loader","function":"Module._load","line":922,"method":"_load","native":false},{"column":19,"file":"node:internal/modules/cjs/loader","function":"Module.require","line":1105,"method":"require","native":false},{"column":18,"file":"node:internal/modules/cjs/helpers","function":"require","line":103,"method":null,"native":false}]}
error: Server Error [object Object] {"timestamp":"2023-10-11T17:21:13.167Z"}
error: Server Error [object Object] {"timestamp":"2023-10-11T17:23:13.639Z"}
error: Server Error [object Object] {"timestamp":"2023-10-11T17:23:54.687Z"}
error: Server Error [object Object] {"timestamp":"2023-10-11T17:25:02.582Z"}
error: Server Error [object Object] {"timestamp":"2023-10-11T17:25:16.858Z"}
error: Server Error [object Object] {"timestamp":"2023-10-11T17:26:04.785Z"}
error: Server Error [object Object] {"timestamp":"2023-10-11T17:28:07.377Z"}
error: Server Error [object Object] {"timestamp":"2023-10-11T17:28:21.414Z"}
error: Server Error [object Object] {"timestamp":"2023-10-11T17:29:57.617Z"}
error: Server Error [object Object] {"timestamp":"2023-10-11T17:31:11.409Z"}
error: Server Error [object Object] {"timestamp":"2023-10-11T17:31:40.857Z"}
error: Server Error [object Object] {"timestamp":"2023-10-11T17:31:42.517Z"}
error: Server Error [object Object] {"timestamp":"2023-10-11T17:32:29.449Z"}
error: Server Error [object Object] {"timestamp":"2023-10-11T17:32:33.139Z"}
error: Server Error [object Object] {"timestamp":"2023-10-11T17:32:34.221Z"}
error: Server Error [object Object] {"timestamp":"2023-10-11T17:33:00.927Z"}
